<?xml version="1.0" encoding="UTF-8"?>
<!-- Generated by org.testng.reporters.JUnitXMLReporter -->
<testsuite hostname="LAPTOP-6SEJLNKE" ignored="8" name="Test1" tests="2" failures="1" timestamp="16 Sep 2021 11:53:45 GMT" time="100.676" errors="0">
  <testcase name="convertLeadToOppertunities" time="30.856" classname="com.crm.autodesk.contact.tests.Tc_06_CovertLeadToOpertunitiesBySelectingOrganisationAndOppertunity"/>
  <testcase name="convertLeadToOppertunities" time="22.507" classname="com.crm.autodesk.contact.tests.Tc_04_ConvertLeadToOppertunities">
    <failure type="java.lang.AssertionError" message="null">
      <![CDATA[java.lang.AssertionError: null
at com.crm.autodesk.contact.tests.Tc_04_ConvertLeadToOppertunities.convertLeadToOppertunities(Tc_04_ConvertLeadToOppertunities.java:87)
... Removed 27 stack frames]]>
    </failure>
  </testcase> <!-- convertLeadToOppertunities -->
  <testcase name="@BeforeSuite connectDB" time="0.0" classname="com.crm.autodesk.GenericLibraries.BaseClass">
    <ignored/>
  </testcase> <!-- @BeforeSuite connectDB -->
  <testcase name="@BeforeSuite connectDB" time="0.0" classname="com.crm.autodesk.GenericLibraries.BaseClass">
    <ignored/>
  </testcase> <!-- @BeforeSuite connectDB -->
  <testcase name="@BeforeSuite connectDB" time="0.0" classname="com.crm.autodesk.GenericLibraries.BaseClass">
    <ignored/>
  </testcase> <!-- @BeforeSuite connectDB -->
  <testcase name="convertLeadToOppertunities" time="0.0" classname="com.crm.autodesk.contact.tests.Tc_05_CreateLeadOppertunities1">
    <ignored/>
  </testcase> <!-- convertLeadToOppertunities -->
  <testcase name="@AfterSuite closeTheDB" time="0.0" classname="com.crm.autodesk.GenericLibraries.BaseClass">
    <ignored/>
  </testcase> <!-- @AfterSuite closeTheDB -->
  <testcase name="@AfterSuite closeTheDB" time="0.0" classname="com.crm.autodesk.GenericLibraries.BaseClass">
    <ignored/>
  </testcase> <!-- @AfterSuite closeTheDB -->
  <testcase name="@AfterSuite closeTheDB" time="0.0" classname="com.crm.autodesk.GenericLibraries.BaseClass">
    <ignored/>
  </testcase> <!-- @AfterSuite closeTheDB -->
  <testcase name="convertLeadToOppertunities" time="0.0" classname="com.crm.autodesk.contact.tests.Tc_07_CreateLeadToOppertunitiesBySelectingAllCheckBox">
    <ignored/>
  </testcase> <!-- convertLeadToOppertunities -->
</testsuite> <!-- Test1 -->
